2025-04-21 23:26:03,295 - INFO - 
Progress Update:
+- Pages: 1/100 (1.0%)
   +- Depth: 0/3
   +- Domain: minewind.com
   +- Data: 0.00 B
   +- Time: 0.0s
   +- Speed: 0.00 req/s
   +- Delay: 0.50s

2025-04-21 23:26:03,522 - INFO - 
Progress Update:
+- Pages: 2/100 (2.0%)
   +- Depth: 1/3
   +- Domain: minewind.com
   +- Data: 63.33 KB
   +- Time: 0.2s
   +- Speed: 4.39 req/s
   +- Delay: 0.50s

2025-04-21 23:26:04,007 - INFO - 
Progress Update:
+- Pages: 3/100 (3.0%)
   +- Depth: 2/3
   +- Domain: minewind.com
   +- Data: 126.67 KB
   +- Time: 0.7s
   +- Speed: 2.81 req/s
   +- Delay: 0.50s

2025-04-21 23:26:04,498 - INFO - 
Progress Update:
+- Pages: 4/100 (4.0%)
   +- Depth: 3/3
   +- Domain: minewind.com
   +- Data: 168.11 KB
   +- Time: 1.2s
   +- Speed: 2.49 req/s
   +- Delay: 0.50s

2025-04-21 23:26:05,004 - INFO - 
Progress Update:
+- Pages: 5/100 (5.0%)
   +- Depth: 3/3
   +- Domain: minewind.com
   +- Data: 209.55 KB
   +- Time: 1.7s
   +- Speed: 2.34 req/s
   +- Delay: 0.50s

2025-04-21 23:26:05,701 - INFO - 
Progress Update:
+- Pages: 6/100 (6.0%)
   +- Depth: 3/3
   +- Domain: minewind.com
   +- Data: 244.10 KB
   +- Time: 2.4s
   +- Speed: 2.08 req/s
   +- Delay: 0.50s

2025-04-21 23:26:05,988 - INFO - 
Progress Update:
+- Pages: 7/100 (7.0%)
   +- Depth: 3/3
   +- Domain: minewind.com
   +- Data: 282.43 KB
   +- Time: 2.7s
   +- Speed: 2.23 req/s
   +- Delay: 0.50s

2025-04-21 23:26:06,532 - INFO - 
Progress Update:
+- Pages: 8/100 (8.0%)
   +- Depth: 3/3
   +- Domain: minewind.com
   +- Data: 345.77 KB
   +- Time: 3.2s
   +- Speed: 2.16 req/s
   +- Delay: 0.50s

2025-04-21 23:26:07,163 - INFO - 
Progress Update:
+- Pages: 9/100 (9.0%)
   +- Depth: 3/3
   +- Domain: minewind.com
   +- Data: 393.83 KB
   +- Time: 3.9s
   +- Speed: 2.07 req/s
   +- Delay: 0.50s

2025-04-21 23:26:07,705 - INFO - 
Progress Update:
+- Pages: 10/100 (10.0%)
   +- Depth: 3/3
   +- Domain: minewind.com
   +- Data: 426.19 KB
   +- Time: 4.4s
   +- Speed: 2.04 req/s
   +- Delay: 0.50s

2025-04-21 23:26:07,984 - INFO - 
Progress Update:
+- Pages: 11/100 (11.0%)
   +- Depth: 3/3
   +- Domain: minewind.com
   +- Data: 459.81 KB
   +- Time: 4.7s
   +- Speed: 2.13 req/s
   +- Delay: 0.50s

2025-04-21 23:26:08,493 - INFO - 
Progress Update:
+- Pages: 12/100 (12.0%)
   +- Depth: 3/3
   +- Domain: minewind.com
   +- Data: 493.47 KB
   +- Time: 5.2s
   +- Speed: 2.12 req/s
   +- Delay: 0.50s

2025-04-21 23:26:09,074 - INFO - 
Progress Update:
+- Pages: 13/100 (13.0%)
   +- Depth: 3/3
   +- Domain: minewind.com
   +- Data: 527.08 KB
   +- Time: 5.8s
   +- Speed: 2.08 req/s
   +- Delay: 0.50s

2025-04-21 23:26:09,747 - INFO - 
Progress Update:
+- Pages: 14/100 (14.0%)
   +- Depth: 3/3
   +- Domain: minewind.com
   +- Data: 575.63 KB
   +- Time: 6.5s
   +- Speed: 2.01 req/s
   +- Delay: 0.50s

2025-04-21 23:26:10,169 - INFO - 
Progress Update:
+- Pages: 15/100 (15.0%)
   +- Depth: 3/3
   +- Domain: minewind.com
   +- Data: 613.96 KB
   +- Time: 6.9s
   +- Speed: 2.04 req/s
   +- Delay: 0.50s

2025-04-21 23:26:10,531 - INFO - 
Progress Update:
+- Pages: 16/100 (16.0%)
   +- Depth: 3/3
   +- Domain: minewind.com
   +- Data: 680.24 KB
   +- Time: 7.2s
   +- Speed: 2.07 req/s
   +- Delay: 0.50s

2025-04-21 23:26:11,002 - INFO - 
Progress Update:
+- Pages: 17/100 (17.0%)
   +- Depth: 3/3
   +- Domain: minewind.com
   +- Data: 718.18 KB
   +- Time: 7.7s
   +- Speed: 2.08 req/s
   +- Delay: 0.50s

2025-04-21 23:26:11,497 - INFO - 
Progress Update:
+- Pages: 18/100 (18.0%)
   +- Depth: 3/3
   +- Domain: minewind.com
   +- Data: 751.40 KB
   +- Time: 8.2s
   +- Speed: 2.07 req/s
   +- Delay: 0.50s

2025-04-21 23:26:12,157 - INFO - 
Progress Update:
+- Pages: 19/100 (19.0%)
   +- Depth: 2/3
   +- Domain: minewind.com
   +- Data: 791.95 KB
   +- Time: 8.9s
   +- Speed: 2.03 req/s
   +- Delay: 0.50s

2025-04-21 23:26:12,505 - INFO - 
Progress Update:
+- Pages: 20/100 (20.0%)
   +- Depth: 3/3
   +- Domain: minewind.com
   +- Data: 840.50 KB
   +- Time: 9.2s
   +- Speed: 2.06 req/s
   +- Delay: 0.50s

2025-04-21 23:26:13,008 - INFO - 
Progress Update:
+- Pages: 21/100 (21.0%)
   +- Depth: 3/3
   +- Domain: minewind.com
   +- Data: 889.04 KB
   +- Time: 9.7s
   +- Speed: 2.06 req/s
   +- Delay: 0.50s

2025-04-21 23:26:13,505 - INFO - 
Progress Update:
+- Pages: 22/100 (22.0%)
   +- Depth: 3/3
   +- Domain: minewind.com
   +- Data: 948.02 KB
   +- Time: 10.2s
   +- Speed: 2.06 req/s
   +- Delay: 0.50s

2025-04-21 23:26:14,289 - ERROR - [403] 403 error for https://minewind.com/store: Forbidden
2025-04-21 23:26:14,290 - INFO - 
Progress Update:
+- Pages: 23/100 (23.0%)
   +- Depth: 3/3
   +- Domain: minewind.com
   +- Data: 954.99 KB
   +- Time: 11.0s
   +- Speed: 2.00 req/s
   +- Delay: 0.50s

2025-04-21 23:26:14,662 - INFO - 
Progress Update:
+- Pages: 24/100 (24.0%)
   +- Depth: 2/3
   +- Domain: minewind.com
   +- Data: 996.43 KB
   +- Time: 11.4s
   +- Speed: 2.02 req/s
   +- Delay: 0.50s

2025-04-21 23:26:15,055 - INFO - 
Progress Update:
+- Pages: 25/100 (25.0%)
   +- Depth: 3/3
   +- Domain: minewind.com
   +- Data: 1.01 MB
   +- Time: 11.8s
   +- Speed: 2.04 req/s
   +- Delay: 0.50s

2025-04-21 23:26:15,506 - INFO - 
Progress Update:
+- Pages: 26/100 (26.0%)
   +- Depth: 2/3
   +- Domain: minewind.com
   +- Data: 1.04 MB
   +- Time: 12.2s
   +- Speed: 2.05 req/s
   +- Delay: 0.50s

2025-04-21 23:26:16,004 - INFO - 
Progress Update:
+- Pages: 27/100 (27.0%)
   +- Depth: 3/3
   +- Domain: minewind.com
   +- Data: 1.07 MB
   +- Time: 12.7s
   +- Speed: 2.05 req/s
   +- Delay: 0.50s

2025-04-21 23:26:16,529 - INFO - 
Progress Update:
+- Pages: 28/100 (28.0%)
   +- Depth: 2/3
   +- Domain: minewind.com
   +- Data: 1.11 MB
   +- Time: 13.2s
   +- Speed: 2.04 req/s
   +- Delay: 0.50s

2025-04-21 23:26:17,057 - INFO - 
Progress Update:
+- Pages: 29/100 (29.0%)
   +- Depth: 3/3
   +- Domain: minewind.com
   +- Data: 1.16 MB
   +- Time: 13.8s
   +- Speed: 2.03 req/s
   +- Delay: 0.50s

2025-04-21 23:26:17,499 - INFO - 
Progress Update:
+- Pages: 30/100 (30.0%)
   +- Depth: 2/3
   +- Domain: minewind.com
   +- Data: 1.21 MB
   +- Time: 14.2s
   +- Speed: 2.04 req/s
   +- Delay: 0.50s

2025-04-21 23:26:17,960 - INFO - 
Progress Update:
+- Pages: 31/100 (31.0%)
   +- Depth: 3/3
   +- Domain: minewind.com
   +- Data: 1.25 MB
   +- Time: 14.7s
   +- Speed: 2.05 req/s
   +- Delay: 0.50s

2025-04-21 23:26:18,512 - INFO - 
Progress Update:
+- Pages: 32/100 (32.0%)
   +- Depth: 2/3
   +- Domain: minewind.com
   +- Data: 1.28 MB
   +- Time: 15.2s
   +- Speed: 2.04 req/s
   +- Delay: 0.50s

2025-04-21 23:26:19,017 - INFO - 
Progress Update:
+- Pages: 33/100 (33.0%)
   +- Depth: 3/3
   +- Domain: minewind.com
   +- Data: 1.32 MB
   +- Time: 15.7s
   +- Speed: 2.04 req/s
   +- Delay: 0.50s

2025-04-21 23:26:19,501 - INFO - 
Crawl Summary:
+- Pages: 33
   +- Data: 1.35 MB
   +- Time: 16.2s
   +- Speed: 2.04 req/s
   +- Domains: 1

Error Summary:
- 403: 1 occurrences
  +- https://minewind.com/store: Forbidden

2025-04-21 23:39:27,467 - INFO - 
Progress Update:
+- Pages: 1/100 (1.0%)
   +- Depth: 0/3
   +- Domain: minewind.com
   +- Data: 0.00 B
   +- Time: 0.0s
   +- Speed: 0.00 req/s
   +- Delay: 0.50s

2025-04-21 23:39:27,791 - INFO - 
Progress Update:
+- Pages: 2/100 (2.0%)
   +- Depth: 1/3
   +- Domain: minewind.com
   +- Data: 63.33 KB
   +- Time: 0.3s
   +- Speed: 3.08 req/s
   +- Delay: 0.50s

2025-04-21 23:39:28,170 - INFO - 
Progress Update:
+- Pages: 3/100 (3.0%)
   +- Depth: 2/3
   +- Domain: minewind.com
   +- Data: 126.67 KB
   +- Time: 0.7s
   +- Speed: 2.85 req/s
   +- Delay: 0.50s

2025-04-21 23:39:28,670 - INFO - 
Progress Update:
+- Pages: 4/100 (4.0%)
   +- Depth: 3/3
   +- Domain: minewind.com
   +- Data: 168.11 KB
   +- Time: 1.2s
   +- Speed: 2.49 req/s
   +- Delay: 0.50s

2025-04-21 23:39:29,204 - INFO - 
Progress Update:
+- Pages: 5/100 (5.0%)
   +- Depth: 3/3
   +- Domain: minewind.com
   +- Data: 209.55 KB
   +- Time: 1.7s
   +- Speed: 2.30 req/s
   +- Delay: 0.50s

2025-04-21 23:39:29,858 - INFO - 
Progress Update:
+- Pages: 6/100 (6.0%)
   +- Depth: 3/3
   +- Domain: minewind.com
   +- Data: 244.10 KB
   +- Time: 2.4s
   +- Speed: 2.09 req/s
   +- Delay: 0.50s

2025-04-21 23:39:30,182 - INFO - 
Progress Update:
+- Pages: 7/100 (7.0%)
   +- Depth: 3/3
   +- Domain: minewind.com
   +- Data: 282.43 KB
   +- Time: 2.7s
   +- Speed: 2.21 req/s
   +- Delay: 0.50s

2025-04-21 23:39:30,664 - INFO - 
Progress Update:
+- Pages: 8/100 (8.0%)
   +- Depth: 3/3
   +- Domain: minewind.com
   +- Data: 345.77 KB
   +- Time: 3.2s
   +- Speed: 2.19 req/s
   +- Delay: 0.50s

2025-04-21 23:39:31,394 - INFO - 
Progress Update:
+- Pages: 9/100 (9.0%)
   +- Depth: 3/3
   +- Domain: minewind.com
   +- Data: 393.83 KB
   +- Time: 3.9s
   +- Speed: 2.04 req/s
   +- Delay: 0.50s

2025-04-21 23:39:31,874 - INFO - 
Progress Update:
+- Pages: 10/100 (10.0%)
   +- Depth: 3/3
   +- Domain: minewind.com
   +- Data: 426.19 KB
   +- Time: 4.4s
   +- Speed: 2.04 req/s
   +- Delay: 0.50s

2025-04-21 23:39:32,195 - INFO - 
Progress Update:
+- Pages: 11/100 (11.0%)
   +- Depth: 3/3
   +- Domain: minewind.com
   +- Data: 459.81 KB
   +- Time: 4.7s
   +- Speed: 2.12 req/s
   +- Delay: 0.50s

2025-04-21 23:39:32,750 - INFO - 
Progress Update:
+- Pages: 12/100 (12.0%)
   +- Depth: 3/3
   +- Domain: minewind.com
   +- Data: 493.47 KB
   +- Time: 5.3s
   +- Speed: 2.08 req/s
   +- Delay: 0.50s

2025-04-21 23:39:33,367 - INFO - 
Progress Update:
+- Pages: 13/100 (13.0%)
   +- Depth: 3/3
   +- Domain: minewind.com
   +- Data: 527.08 KB
   +- Time: 5.9s
   +- Speed: 2.03 req/s
   +- Delay: 0.50s

2025-04-21 23:39:33,945 - INFO - 
Progress Update:
+- Pages: 14/100 (14.0%)
   +- Depth: 3/3
   +- Domain: minewind.com
   +- Data: 575.63 KB
   +- Time: 6.5s
   +- Speed: 2.01 req/s
   +- Delay: 0.50s

2025-04-21 23:39:34,473 - INFO - 
Progress Update:
+- Pages: 15/100 (15.0%)
   +- Depth: 3/3
   +- Domain: minewind.com
   +- Data: 613.96 KB
   +- Time: 7.0s
   +- Speed: 2.00 req/s
   +- Delay: 0.50s

2025-04-21 23:39:34,928 - INFO - 
Progress Update:
+- Pages: 16/100 (16.0%)
   +- Depth: 3/3
   +- Domain: minewind.com
   +- Data: 680.24 KB
   +- Time: 7.5s
   +- Speed: 2.01 req/s
   +- Delay: 0.50s

2025-04-21 23:39:35,351 - INFO - 
Progress Update:
+- Pages: 17/100 (17.0%)
   +- Depth: 3/3
   +- Domain: minewind.com
   +- Data: 718.18 KB
   +- Time: 7.9s
   +- Speed: 2.03 req/s
   +- Delay: 0.50s

2025-04-21 23:39:35,804 - INFO - 
Progress Update:
+- Pages: 18/100 (18.0%)
   +- Depth: 3/3
   +- Domain: minewind.com
   +- Data: 751.40 KB
   +- Time: 8.3s
   +- Speed: 2.04 req/s
   +- Delay: 0.50s

2025-04-21 23:39:36,510 - INFO - 
Progress Update:
+- Pages: 19/100 (19.0%)
   +- Depth: 2/3
   +- Domain: minewind.com
   +- Data: 791.95 KB
   +- Time: 9.0s
   +- Speed: 1.99 req/s
   +- Delay: 0.50s

2025-04-21 23:39:36,838 - INFO - 
Progress Update:
+- Pages: 20/100 (20.0%)
   +- Depth: 3/3
   +- Domain: minewind.com
   +- Data: 840.50 KB
   +- Time: 9.4s
   +- Speed: 2.03 req/s
   +- Delay: 0.50s

2025-04-21 23:39:37,292 - INFO - 
Progress Update:
+- Pages: 21/100 (21.0%)
   +- Depth: 3/3
   +- Domain: minewind.com
   +- Data: 889.04 KB
   +- Time: 9.8s
   +- Speed: 2.04 req/s
   +- Delay: 0.50s

2025-04-21 23:39:37,737 - INFO - 
Progress Update:
+- Pages: 22/100 (22.0%)
   +- Depth: 3/3
   +- Domain: minewind.com
   +- Data: 948.02 KB
   +- Time: 10.3s
   +- Speed: 2.04 req/s
   +- Delay: 0.50s

2025-04-21 23:39:38,468 - ERROR - [403] 403 error for https://minewind.com/store: Forbidden
2025-04-21 23:39:38,468 - INFO - 
Progress Update:
+- Pages: 23/100 (23.0%)
   +- Depth: 3/3
   +- Domain: minewind.com
   +- Data: 955.03 KB
   +- Time: 11.0s
   +- Speed: 2.00 req/s
   +- Delay: 0.50s

2025-04-21 23:39:38,957 - INFO - 
Progress Update:
+- Pages: 24/100 (24.0%)
   +- Depth: 2/3
   +- Domain: minewind.com
   +- Data: 996.47 KB
   +- Time: 11.5s
   +- Speed: 2.00 req/s
   +- Delay: 0.50s

2025-04-21 23:39:39,214 - INFO - 
Progress Update:
+- Pages: 25/100 (25.0%)
   +- Depth: 3/3
   +- Domain: minewind.com
   +- Data: 1.01 MB
   +- Time: 11.7s
   +- Speed: 2.04 req/s
   +- Delay: 0.50s

2025-04-21 23:39:39,708 - INFO - 
Progress Update:
+- Pages: 26/100 (26.0%)
   +- Depth: 2/3
   +- Domain: minewind.com
   +- Data: 1.04 MB
   +- Time: 12.2s
   +- Speed: 2.04 req/s
   +- Delay: 0.50s

2025-04-21 23:39:40,207 - INFO - 
Progress Update:
+- Pages: 27/100 (27.0%)
   +- Depth: 3/3
   +- Domain: minewind.com
   +- Data: 1.07 MB
   +- Time: 12.7s
   +- Speed: 2.04 req/s
   +- Delay: 0.50s

2025-04-21 23:39:40,712 - INFO - 
Progress Update:
+- Pages: 28/100 (28.0%)
   +- Depth: 2/3
   +- Domain: minewind.com
   +- Data: 1.11 MB
   +- Time: 13.2s
   +- Speed: 2.04 req/s
   +- Delay: 0.50s

2025-04-21 23:39:41,218 - INFO - 
Progress Update:
+- Pages: 29/100 (29.0%)
   +- Depth: 3/3
   +- Domain: minewind.com
   +- Data: 1.16 MB
   +- Time: 13.8s
   +- Speed: 2.04 req/s
   +- Delay: 0.50s

2025-04-21 23:39:41,708 - INFO - 
Progress Update:
+- Pages: 30/100 (30.0%)
   +- Depth: 2/3
   +- Domain: minewind.com
   +- Data: 1.21 MB
   +- Time: 14.2s
   +- Speed: 2.04 req/s
   +- Delay: 0.50s

2025-04-21 23:39:42,199 - INFO - 
Progress Update:
+- Pages: 31/100 (31.0%)
   +- Depth: 3/3
   +- Domain: minewind.com
   +- Data: 1.25 MB
   +- Time: 14.7s
   +- Speed: 2.04 req/s
   +- Delay: 0.50s

2025-04-21 23:39:42,763 - INFO - 
Progress Update:
+- Pages: 32/100 (32.0%)
   +- Depth: 2/3
   +- Domain: minewind.com
   +- Data: 1.28 MB
   +- Time: 15.3s
   +- Speed: 2.03 req/s
   +- Delay: 0.50s

2025-04-21 23:39:43,207 - INFO - 
Progress Update:
+- Pages: 33/100 (33.0%)
   +- Depth: 3/3
   +- Domain: minewind.com
   +- Data: 1.32 MB
   +- Time: 15.7s
   +- Speed: 2.03 req/s
   +- Delay: 0.50s

2025-04-21 23:39:43,704 - INFO - 
Crawl Summary:
+- Pages: 33
   +- Data: 1.35 MB
   +- Time: 16.2s
   +- Speed: 2.03 req/s
   +- Domains: 1

Error Summary:
- 403: 1 occurrences
  +- https://minewind.com/store: Forbidden

2025-04-21 23:53:11,215 - INFO - 
Progress Update:
+- Pages: 1/100 (1.0%)
   +- Depth: 0/3
   +- Domain: minewind.com
   +- Data: 0 bytes
   +- Time: 0.0s
   +- Speed: 0.00 req/s
   +- Delay: 0.50s

2025-04-21 23:53:11,565 - INFO - 
Progress Update:
+- Pages: 2/100 (2.0%)
   +- Depth: 1/3
   +- Domain: minewind.com
   +- Data: 64855 bytes
   +- Time: 0.4s
   +- Speed: 2.86 req/s
   +- Delay: 0.50s

2025-04-21 23:53:11,921 - INFO - 
Progress Update:
+- Pages: 3/100 (3.0%)
   +- Depth: 2/3
   +- Domain: minewind.com
   +- Data: 129710 bytes
   +- Time: 0.7s
   +- Speed: 2.83 req/s
   +- Delay: 0.50s

2025-04-21 23:53:12,462 - INFO - 
Progress Update:
+- Pages: 4/100 (4.0%)
   +- Depth: 3/3
   +- Domain: minewind.com
   +- Data: 172144 bytes
   +- Time: 1.2s
   +- Speed: 2.41 req/s
   +- Delay: 0.50s

2025-04-21 23:53:12,899 - INFO - 
Progress Update:
+- Pages: 5/100 (5.0%)
   +- Depth: 3/3
   +- Domain: minewind.com
   +- Data: 214578 bytes
   +- Time: 1.7s
   +- Speed: 2.37 req/s
   +- Delay: 0.50s

2025-04-21 23:53:13,576 - INFO - 
Progress Update:
+- Pages: 6/100 (6.0%)
   +- Depth: 3/3
   +- Domain: minewind.com
   +- Data: 249961 bytes
   +- Time: 2.4s
   +- Speed: 2.12 req/s
   +- Delay: 0.50s

2025-04-21 23:53:13,920 - INFO - 
Progress Update:
+- Pages: 7/100 (7.0%)
   +- Depth: 3/3
   +- Domain: minewind.com
   +- Data: 289210 bytes
   +- Time: 2.7s
   +- Speed: 2.22 req/s
   +- Delay: 0.50s

2025-04-21 23:53:14,406 - INFO - 
Progress Update:
+- Pages: 8/100 (8.0%)
   +- Depth: 3/3
   +- Domain: minewind.com
   +- Data: 354065 bytes
   +- Time: 3.2s
   +- Speed: 2.19 req/s
   +- Delay: 0.50s

2025-04-21 23:53:15,088 - INFO - 
Progress Update:
+- Pages: 9/100 (9.0%)
   +- Depth: 3/3
   +- Domain: minewind.com
   +- Data: 403277 bytes
   +- Time: 3.9s
   +- Speed: 2.07 req/s
   +- Delay: 0.50s

2025-04-21 23:53:15,578 - INFO - 
Progress Update:
+- Pages: 10/100 (10.0%)
   +- Depth: 3/3
   +- Domain: minewind.com
   +- Data: 436421 bytes
   +- Time: 4.4s
   +- Speed: 2.06 req/s
   +- Delay: 0.50s

2025-04-21 23:53:15,720 - INFO - Rotating user agent to: Mozilla/5.0 (Macintosh; Intel Mac OS X 11_5_2) AppleWebKit/537.36 (KHTML, like Gecko) Chrome/92.0.4515.159 Safari/537.36
2025-04-21 23:53:15,905 - INFO - 
Progress Update:
+- Pages: 11/100 (11.0%)
   +- Depth: 3/3
   +- Domain: minewind.com
   +- Data: 470842 bytes
   +- Time: 4.7s
   +- Speed: 2.13 req/s
   +- Delay: 0.50s

2025-04-21 23:53:16,425 - INFO - 
Progress Update:
+- Pages: 12/100 (12.0%)
   +- Depth: 3/3
   +- Domain: minewind.com
   +- Data: 505314 bytes
   +- Time: 5.2s
   +- Speed: 2.11 req/s
   +- Delay: 0.50s

2025-04-21 23:53:16,972 - INFO - 
Progress Update:
+- Pages: 13/100 (13.0%)
   +- Depth: 3/3
   +- Domain: minewind.com
   +- Data: 539735 bytes
   +- Time: 5.8s
   +- Speed: 2.08 req/s
   +- Delay: 0.50s

2025-04-21 23:53:17,631 - INFO - 
Progress Update:
+- Pages: 14/100 (14.0%)
   +- Depth: 3/3
   +- Domain: minewind.com
   +- Data: 589446 bytes
   +- Time: 6.4s
   +- Speed: 2.03 req/s
   +- Delay: 0.50s

2025-04-21 23:53:18,089 - INFO - 
Progress Update:
+- Pages: 15/100 (15.0%)
   +- Depth: 3/3
   +- Domain: minewind.com
   +- Data: 628695 bytes
   +- Time: 6.9s
   +- Speed: 2.04 req/s
   +- Delay: 0.50s

2025-04-21 23:53:18,468 - INFO - 
Progress Update:
+- Pages: 16/100 (16.0%)
   +- Depth: 3/3
   +- Domain: minewind.com
   +- Data: 696569 bytes
   +- Time: 7.3s
   +- Speed: 2.07 req/s
   +- Delay: 0.50s

2025-04-21 23:53:18,903 - INFO - 
Progress Update:
+- Pages: 17/100 (17.0%)
   +- Depth: 3/3
   +- Domain: minewind.com
   +- Data: 735416 bytes
   +- Time: 7.7s
   +- Speed: 2.08 req/s
   +- Delay: 0.50s

2025-04-21 23:53:19,425 - INFO - 
Progress Update:
+- Pages: 18/100 (18.0%)
   +- Depth: 3/3
   +- Domain: minewind.com
   +- Data: 769434 bytes
   +- Time: 8.2s
   +- Speed: 2.07 req/s
   +- Delay: 0.50s

2025-04-21 23:53:20,030 - INFO - 
Progress Update:
+- Pages: 19/100 (19.0%)
   +- Depth: 2/3
   +- Domain: minewind.com
   +- Data: 810956 bytes
   +- Time: 8.8s
   +- Speed: 2.04 req/s
   +- Delay: 0.50s

2025-04-21 23:53:20,445 - INFO - 
Progress Update:
+- Pages: 20/100 (20.0%)
   +- Depth: 3/3
   +- Domain: minewind.com
   +- Data: 860667 bytes
   +- Time: 9.2s
   +- Speed: 2.06 req/s
   +- Delay: 0.50s

2025-04-21 23:53:20,724 - INFO - Rotating user agent to: Mozilla/5.0 (Windows NT 10.0; Win64; x64) AppleWebKit/537.36 (KHTML, like Gecko) Chrome/91.0.4472.124 Safari/537.36 Edg/91.0.864.59
2025-04-21 23:53:20,925 - INFO - 
Progress Update:
+- Pages: 21/100 (21.0%)
   +- Depth: 3/3
   +- Domain: minewind.com
   +- Data: 910378 bytes
   +- Time: 9.7s
   +- Speed: 2.06 req/s
   +- Delay: 0.50s

2025-04-21 23:53:21,426 - INFO - 
Progress Update:
+- Pages: 22/100 (22.0%)
   +- Depth: 3/3
   +- Domain: minewind.com
   +- Data: 970771 bytes
   +- Time: 10.2s
   +- Speed: 2.06 req/s
   +- Delay: 0.50s

2025-04-21 23:53:22,132 - ERROR - Request failed for https://minewind.com/store: 403 Client Error: Forbidden for url: https://minewind.buycraft.net/
2025-04-21 23:53:22,132 - INFO - 
Progress Update:
+- Pages: 23/100 (23.0%)
   +- Depth: 3/3
   +- Domain: minewind.com
   +- Data: 977955 bytes
   +- Time: 10.9s
   +- Speed: 2.02 req/s
   +- Delay: 0.50s

2025-04-21 23:53:22,567 - INFO - 
Progress Update:
+- Pages: 24/100 (24.0%)
   +- Depth: 2/3
   +- Domain: minewind.com
   +- Data: 1020389 bytes
   +- Time: 11.4s
   +- Speed: 2.03 req/s
   +- Delay: 0.50s

2025-04-21 23:53:22,909 - INFO - 
Progress Update:
+- Pages: 25/100 (25.0%)
   +- Depth: 3/3
   +- Domain: minewind.com
   +- Data: 1055798 bytes
   +- Time: 11.7s
   +- Speed: 2.05 req/s
   +- Delay: 0.50s

2025-04-21 23:53:23,366 - INFO - 
Progress Update:
+- Pages: 26/100 (26.0%)
   +- Depth: 2/3
   +- Domain: minewind.com
   +- Data: 1091207 bytes
   +- Time: 12.2s
   +- Speed: 2.06 req/s
   +- Delay: 0.50s

2025-04-21 23:53:23,926 - INFO - 
Progress Update:
+- Pages: 27/100 (27.0%)
   +- Depth: 3/3
   +- Domain: minewind.com
   +- Data: 1126654 bytes
   +- Time: 12.7s
   +- Speed: 2.05 req/s
   +- Delay: 0.50s

2025-04-21 23:53:24,416 - INFO - 
Progress Update:
+- Pages: 28/100 (28.0%)
   +- Depth: 2/3
   +- Domain: minewind.com
   +- Data: 1162101 bytes
   +- Time: 13.2s
   +- Speed: 2.05 req/s
   +- Delay: 0.50s

2025-04-21 23:53:24,874 - INFO - 
Progress Update:
+- Pages: 29/100 (29.0%)
   +- Depth: 3/3
   +- Domain: minewind.com
   +- Data: 1216382 bytes
   +- Time: 13.7s
   +- Speed: 2.05 req/s
   +- Delay: 0.50s

2025-04-21 23:53:25,425 - INFO - 
Progress Update:
+- Pages: 30/100 (30.0%)
   +- Depth: 2/3
   +- Domain: minewind.com
   +- Data: 1270663 bytes
   +- Time: 14.2s
   +- Speed: 2.04 req/s
   +- Delay: 0.50s

2025-04-21 23:53:25,729 - INFO - Rotating user agent to: Mozilla/5.0 (Windows NT 10.0; Win64; x64) AppleWebKit/537.36 (KHTML, like Gecko) Chrome/92.0.4515.159 Safari/537.36 Edg/92.0.902.84
2025-04-21 23:53:25,869 - INFO - 
Progress Update:
+- Pages: 31/100 (31.0%)
   +- Depth: 3/3
   +- Domain: minewind.com
   +- Data: 1306990 bytes
   +- Time: 14.7s
   +- Speed: 2.05 req/s
   +- Delay: 0.50s

2025-04-21 23:53:26,418 - INFO - 
Progress Update:
+- Pages: 32/100 (32.0%)
   +- Depth: 2/3
   +- Domain: minewind.com
   +- Data: 1343317 bytes
   +- Time: 15.2s
   +- Speed: 2.04 req/s
   +- Delay: 0.50s

2025-04-21 23:53:26,943 - INFO - 
Progress Update:
+- Pages: 33/100 (33.0%)
   +- Depth: 3/3
   +- Domain: minewind.com
   +- Data: 1379036 bytes
   +- Time: 15.7s
   +- Speed: 2.03 req/s
   +- Delay: 0.50s

2025-04-22 00:22:15,772 - INFO - 
Progress Update:
+- Pages: 1/50 (2.0%)
   +- Depth: 0/3
   +- Domain: github.com
   +- Data: 0 bytes
   +- Time: 0.0s
   +- Speed: 0.00 req/s
   +- Delay: 0.50s

2025-04-22 00:22:16,045 - INFO - 
Progress Update:
+- Pages: 2/50 (4.0%)
   +- Depth: 1/3
   +- Domain: github.com
   +- Data: 281232 bytes
   +- Time: 0.3s
   +- Speed: 3.67 req/s
   +- Delay: 0.50s

2025-04-22 00:22:16,506 - INFO - 
Progress Update:
+- Pages: 3/50 (6.0%)
   +- Depth: 2/3
   +- Domain: github.com
   +- Data: 562464 bytes
   +- Time: 0.7s
   +- Speed: 2.73 req/s
   +- Delay: 0.50s

2025-04-22 00:22:17,026 - INFO - 
Progress Update:
+- Pages: 4/50 (8.0%)
   +- Depth: 3/3
   +- Domain: github.com
   +- Data: 843696 bytes
   +- Time: 1.3s
   +- Speed: 2.39 req/s
   +- Delay: 0.50s

2025-04-22 00:22:17,510 - INFO - 
Progress Update:
+- Pages: 5/50 (10.0%)
   +- Depth: 3/3
   +- Domain: github.com
   +- Data: 1124928 bytes
   +- Time: 1.7s
   +- Speed: 2.30 req/s
   +- Delay: 0.50s

2025-04-22 00:22:17,774 - INFO - Rotating user agent to: Mozilla/5.0 (Windows NT 10.0; Win64; x64) AppleWebKit/537.36 (KHTML, like Gecko) Chrome/91.0.4472.124 Safari/537.36
2025-04-22 00:22:17,978 - INFO - 
Progress Update:
+- Pages: 6/50 (12.0%)
   +- Depth: 3/3
   +- Domain: github.com
   +- Data: 1165597 bytes
   +- Time: 2.2s
   +- Speed: 2.27 req/s
   +- Delay: 0.50s

2025-04-22 00:22:18,725 - INFO - 
Progress Update:
+- Pages: 7/50 (14.0%)
   +- Depth: 3/3
   +- Domain: github.com
   +- Data: 1836075 bytes
   +- Time: 3.0s
   +- Speed: 2.03 req/s
   +- Delay: 0.50s

2025-04-22 00:22:19,181 - INFO - 
Progress Update:
+- Pages: 8/50 (16.0%)
   +- Depth: 3/3
   +- Domain: github.com
   +- Data: 2097410 bytes
   +- Time: 3.4s
   +- Speed: 2.05 req/s
   +- Delay: 0.50s

2025-04-22 00:22:19,670 - INFO - 
Progress Update:
+- Pages: 9/50 (18.0%)
   +- Depth: 3/3
   +- Domain: github.com
   +- Data: 2382278 bytes
   +- Time: 3.9s
   +- Speed: 2.05 req/s
   +- Delay: 0.50s

2025-04-22 00:22:20,152 - INFO - 
Progress Update:
+- Pages: 10/50 (20.0%)
   +- Depth: 3/3
   +- Domain: github.com
   +- Data: 2717226 bytes
   +- Time: 4.4s
   +- Speed: 2.06 req/s
   +- Delay: 0.50s

2025-04-22 00:22:20,275 - INFO - Rotating user agent to: Mozilla/5.0 (Windows NT 10.0; Win64; x64) AppleWebKit/537.36 (KHTML, like Gecko) Chrome/92.0.4515.159 Safari/537.36 Edg/92.0.902.84
2025-04-22 00:22:20,724 - INFO - 
Progress Update:
+- Pages: 11/50 (22.0%)
   +- Depth: 3/3
   +- Domain: github.com
   +- Data: 3059753 bytes
   +- Time: 5.0s
   +- Speed: 2.02 req/s
   +- Delay: 0.50s

2025-04-22 00:22:21,163 - INFO - 
Progress Update:
+- Pages: 12/50 (24.0%)
   +- Depth: 3/3
   +- Domain: github.com
   +- Data: 3358776 bytes
   +- Time: 5.4s
   +- Speed: 2.04 req/s
   +- Delay: 0.50s

2025-04-22 00:22:21,616 - INFO - 
Progress Update:
+- Pages: 13/50 (26.0%)
   +- Depth: 3/3
   +- Domain: github.com
   +- Data: 3635245 bytes
   +- Time: 5.8s
   +- Speed: 2.05 req/s
   +- Delay: 0.50s

2025-04-22 00:22:22,223 - INFO - 
Progress Update:
+- Pages: 14/50 (28.0%)
   +- Depth: 3/3
   +- Domain: github.com
   +- Data: 3902659 bytes
   +- Time: 6.5s
   +- Speed: 2.02 req/s
   +- Delay: 0.50s

2025-04-22 00:22:22,717 - INFO - 
Progress Update:
+- Pages: 15/50 (30.0%)
   +- Depth: 3/3
   +- Domain: github.com
   +- Data: 4347650 bytes
   +- Time: 6.9s
   +- Speed: 2.02 req/s
   +- Delay: 0.50s

2025-04-22 00:22:22,777 - INFO - Rotating user agent to: Mozilla/5.0 (Macintosh; Intel Mac OS X 11.5; rv:91.0) Gecko/20100101 Firefox/91.0
2025-04-22 00:22:23,168 - INFO - 
Progress Update:
+- Pages: 16/50 (32.0%)
   +- Depth: 3/3
   +- Domain: github.com
   +- Data: 4739113 bytes
   +- Time: 7.4s
   +- Speed: 2.03 req/s
   +- Delay: 0.50s

2025-04-22 00:22:23,706 - INFO - 
Progress Update:
+- Pages: 17/50 (34.0%)
   +- Depth: 3/3
   +- Domain: github.com
   +- Data: 5197482 bytes
   +- Time: 7.9s
   +- Speed: 2.02 req/s
   +- Delay: 0.50s

2025-04-22 00:22:24,224 - INFO - 
Progress Update:
+- Pages: 18/50 (36.0%)
   +- Depth: 3/3
   +- Domain: github.com
   +- Data: 5478555 bytes
   +- Time: 8.5s
   +- Speed: 2.01 req/s
   +- Delay: 0.50s

2025-04-22 00:22:24,694 - INFO - 
Progress Update:
+- Pages: 19/50 (38.0%)
   +- Depth: 3/3
   +- Domain: github.com
   +- Data: 5770816 bytes
   +- Time: 8.9s
   +- Speed: 2.02 req/s
   +- Delay: 0.50s

2025-04-22 00:22:25,154 - INFO - 
Progress Update:
+- Pages: 20/50 (40.0%)
   +- Depth: 3/3
   +- Domain: github.com
   +- Data: 6000907 bytes
   +- Time: 9.4s
   +- Speed: 2.03 req/s
   +- Delay: 0.50s

2025-04-22 00:22:25,279 - INFO - Rotating user agent to: Mozilla/5.0 (Windows NT 10.0; Win64; x64) AppleWebKit/537.36 (KHTML, like Gecko) Chrome/93.0.4577.82 Safari/537.36
2025-04-22 00:22:25,631 - INFO - 
Progress Update:
+- Pages: 21/50 (42.0%)
   +- Depth: 3/3
   +- Domain: github.com
   +- Data: 6272403 bytes
   +- Time: 9.9s
   +- Speed: 2.03 req/s
   +- Delay: 0.50s

2025-04-22 00:22:26,148 - INFO - 
Progress Update:
+- Pages: 22/50 (44.0%)
   +- Depth: 3/3
   +- Domain: github.com
   +- Data: 6564575 bytes
   +- Time: 10.4s
   +- Speed: 2.02 req/s
   +- Delay: 0.50s

2025-04-22 00:22:26,603 - INFO - 
Progress Update:
+- Pages: 23/50 (46.0%)
   +- Depth: 3/3
   +- Domain: github.com
   +- Data: 6803272 bytes
   +- Time: 10.8s
   +- Speed: 2.03 req/s
   +- Delay: 0.50s

2025-04-22 00:22:27,205 - INFO - 
Progress Update:
+- Pages: 24/50 (48.0%)
   +- Depth: 3/3
   +- Domain: github.com
   +- Data: 7032815 bytes
   +- Time: 11.4s
   +- Speed: 2.01 req/s
   +- Delay: 0.50s

2025-04-22 00:22:27,813 - INFO - 
Progress Update:
+- Pages: 25/50 (50.0%)
   +- Depth: 3/3
   +- Domain: github.com
   +- Data: 7735698 bytes
   +- Time: 12.0s
   +- Speed: 1.99 req/s
   +- Delay: 0.50s

2025-04-22 00:22:27,813 - INFO - Rotating user agent to: Mozilla/5.0 (X11; Linux x86_64) AppleWebKit/537.36 (KHTML, like Gecko) Chrome/91.0.4472.124 Safari/537.36
2025-04-22 00:22:28,199 - INFO - 
Progress Update:
+- Pages: 26/50 (52.0%)
   +- Depth: 3/3
   +- Domain: github.com
   +- Data: 7998299 bytes
   +- Time: 12.4s
   +- Speed: 2.01 req/s
   +- Delay: 0.50s

2025-04-22 00:22:28,793 - INFO - 
Progress Update:
+- Pages: 27/50 (54.0%)
   +- Depth: 3/3
   +- Domain: github.com
   +- Data: 8657846 bytes
   +- Time: 13.0s
   +- Speed: 2.00 req/s
   +- Delay: 0.50s

2025-04-22 00:22:29,156 - INFO - 
Progress Update:
+- Pages: 28/50 (56.0%)
   +- Depth: 3/3
   +- Domain: github.com
   +- Data: 8902921 bytes
   +- Time: 13.4s
   +- Speed: 2.02 req/s
   +- Delay: 0.50s

2025-04-22 00:22:29,703 - INFO - 
Progress Update:
+- Pages: 29/50 (58.0%)
   +- Depth: 3/3
   +- Domain: github.com
   +- Data: 9154183 bytes
   +- Time: 13.9s
   +- Speed: 2.01 req/s
   +- Delay: 0.50s

2025-04-22 00:22:30,187 - INFO - 
Progress Update:
+- Pages: 30/50 (60.0%)
   +- Depth: 3/3
   +- Domain: github.com
   +- Data: 9429548 bytes
   +- Time: 14.4s
   +- Speed: 2.01 req/s
   +- Delay: 0.50s

2025-04-22 00:22:30,315 - INFO - Rotating user agent to: Mozilla/5.0 (Linux; Android 11; SM-G998B) AppleWebKit/537.36 (KHTML, like Gecko) Chrome/92.0.4515.159 Mobile Safari/537.36
2025-04-22 00:22:30,673 - INFO - 
Progress Update:
+- Pages: 31/50 (62.0%)
   +- Depth: 3/3
   +- Domain: github.com
   +- Data: 9647529 bytes
   +- Time: 14.9s
   +- Speed: 2.01 req/s
   +- Delay: 0.50s

2025-04-22 00:22:31,144 - INFO - 
Progress Update:
+- Pages: 32/50 (64.0%)
   +- Depth: 3/3
   +- Domain: github.com
   +- Data: 9911922 bytes
   +- Time: 15.4s
   +- Speed: 2.02 req/s
   +- Delay: 0.50s

2025-04-22 00:22:31,672 - INFO - 
Progress Update:
+- Pages: 33/50 (66.0%)
   +- Depth: 3/3
   +- Domain: github.com
   +- Data: 10180883 bytes
   +- Time: 15.9s
   +- Speed: 2.01 req/s
   +- Delay: 0.50s

2025-04-22 00:22:32,177 - INFO - 
Progress Update:
+- Pages: 34/50 (68.0%)
   +- Depth: 3/3
   +- Domain: github.com
   +- Data: 10447522 bytes
   +- Time: 16.4s
   +- Speed: 2.01 req/s
   +- Delay: 0.50s

2025-04-22 00:22:32,662 - INFO - 
Progress Update:
+- Pages: 35/50 (70.0%)
   +- Depth: 3/3
   +- Domain: github.com
   +- Data: 10825911 bytes
   +- Time: 16.9s
   +- Speed: 2.01 req/s
   +- Delay: 0.50s

2025-04-22 00:22:32,818 - INFO - Rotating user agent to: Mozilla/5.0 (Windows NT 10.0; Win64; x64) AppleWebKit/537.36 (KHTML, like Gecko) Chrome/92.0.4515.159 Safari/537.36
2025-04-22 00:22:33,186 - INFO - 
Progress Update:
+- Pages: 36/50 (72.0%)
   +- Depth: 3/3
   +- Domain: github.com
   +- Data: 11220135 bytes
   +- Time: 17.4s
   +- Speed: 2.01 req/s
   +- Delay: 0.50s

2025-04-22 00:22:33,643 - INFO - 
Progress Update:
+- Pages: 37/50 (74.0%)
   +- Depth: 3/3
   +- Domain: github.com
   +- Data: 11551973 bytes
   +- Time: 17.9s
   +- Speed: 2.01 req/s
   +- Delay: 0.50s

2025-04-22 00:22:34,154 - INFO - 
Progress Update:
+- Pages: 38/50 (76.0%)
   +- Depth: 3/3
   +- Domain: github.com
   +- Data: 11813524 bytes
   +- Time: 18.4s
   +- Speed: 2.01 req/s
   +- Delay: 0.50s

2025-04-22 00:22:34,688 - INFO - 
Progress Update:
+- Pages: 39/50 (78.0%)
   +- Depth: 3/3
   +- Domain: github.com
   +- Data: 12086843 bytes
   +- Time: 18.9s
   +- Speed: 2.01 req/s
   +- Delay: 0.50s

2025-04-22 00:22:35,194 - INFO - 
Progress Update:
+- Pages: 40/50 (80.0%)
   +- Depth: 3/3
   +- Domain: github.com
   +- Data: 12379560 bytes
   +- Time: 19.4s
   +- Speed: 2.01 req/s
   +- Delay: 0.50s

2025-04-22 00:22:35,320 - INFO - Rotating user agent to: Mozilla/5.0 (Windows NT 10.0; Win64; x64; rv:90.0) Gecko/20100101 Firefox/90.0
2025-04-22 00:22:35,655 - INFO - 
Progress Update:
+- Pages: 41/50 (82.0%)
   +- Depth: 3/3
   +- Domain: github.com
   +- Data: 12588182 bytes
   +- Time: 19.9s
   +- Speed: 2.01 req/s
   +- Delay: 0.50s

2025-04-22 00:22:36,993 - INFO - 
Progress Update:
+- Pages: 42/50 (84.0%)
   +- Depth: 3/3
   +- Domain: github.com
   +- Data: 13147151 bytes
   +- Time: 21.2s
   +- Speed: 1.93 req/s
   +- Delay: 0.50s

2025-04-22 00:22:37,274 - INFO - 
Progress Update:
+- Pages: 43/50 (86.0%)
   +- Depth: 3/3
   +- Domain: github.com
   +- Data: 13299060 bytes
   +- Time: 21.5s
   +- Speed: 1.95 req/s
   +- Delay: 0.50s

2025-04-22 00:22:37,857 - INFO - 
Progress Update:
+- Pages: 44/50 (88.0%)
   +- Depth: 3/3
   +- Domain: github.com
   +- Data: 13725195 bytes
   +- Time: 22.1s
   +- Speed: 1.95 req/s
   +- Delay: 0.50s

2025-04-22 00:22:38,425 - INFO - 
Progress Update:
+- Pages: 45/50 (90.0%)
   +- Depth: 3/3
   +- Domain: github.com
   +- Data: 13999082 bytes
   +- Time: 22.7s
   +- Speed: 1.94 req/s
   +- Delay: 0.50s

2025-04-22 00:22:38,495 - INFO - Rotating user agent to: Mozilla/5.0 (iPhone; CPU iPhone OS 14_7_1 like Mac OS X) AppleWebKit/605.1.15 (KHTML, like Gecko) Version/14.1.2 Mobile/15E148 Safari/604.1
2025-04-22 00:22:38,982 - INFO - 
Progress Update:
+- Pages: 46/50 (92.0%)
   +- Depth: 3/3
   +- Domain: github.com
   +- Data: 14582787 bytes
   +- Time: 23.2s
   +- Speed: 1.94 req/s
   +- Delay: 0.50s

2025-04-22 00:22:39,412 - INFO - 
Progress Update:
+- Pages: 47/50 (94.0%)
   +- Depth: 3/3
   +- Domain: github.com
   +- Data: 14864398 bytes
   +- Time: 23.6s
   +- Speed: 1.95 req/s
   +- Delay: 0.50s

2025-04-22 00:22:39,801 - INFO - 
Progress Update:
+- Pages: 48/50 (96.0%)
   +- Depth: 3/3
   +- Domain: github.com
   +- Data: 15145940 bytes
   +- Time: 24.0s
   +- Speed: 1.96 req/s
   +- Delay: 0.50s

2025-04-22 00:22:40,446 - INFO - 
Progress Update:
+- Pages: 49/50 (98.0%)
   +- Depth: 3/3
   +- Domain: github.com
   +- Data: 15346991 bytes
   +- Time: 24.7s
   +- Speed: 1.95 req/s
   +- Delay: 0.50s

2025-04-22 00:22:40,865 - INFO - 
Progress Update:
+- Pages: 50/50 (100.0%)
   +- Depth: 3/3
   +- Domain: github.com
   +- Data: 15632910 bytes
   +- Time: 25.1s
   +- Speed: 1.95 req/s
   +- Delay: 0.50s

2025-04-22 00:22:40,997 - INFO - Rotating user agent to: Mozilla/5.0 (X11; Ubuntu; Linux x86_64; rv:90.0) Gecko/20100101 Firefox/90.0
2025-04-22 00:22:41,615 - ERROR - Request failed for https://github.com/marketplace: 400 Client Error: Bad Request for url: https://github.com/marketplace
2025-04-22 03:16:48,222 - INFO - 
Progress Update:
+- Pages: 1/50 (2.0%)
   +- Depth: 0/3
   +- Domain: github.com
   +- Data: 0 bytes
   +- Time: 0.0s
   +- Speed: 0.00 req/s
   +- Delay: 0.50s

2025-04-22 03:16:48,500 - INFO - 
Progress Update:
+- Pages: 2/50 (4.0%)
   +- Depth: 1/3
   +- Domain: github.com
   +- Data: 281234 bytes
   +- Time: 0.3s
   +- Speed: 3.60 req/s
   +- Delay: 0.50s

2025-04-22 03:16:48,980 - INFO - 
Progress Update:
+- Pages: 3/50 (6.0%)
   +- Depth: 2/3
   +- Domain: github.com
   +- Data: 562468 bytes
   +- Time: 0.8s
   +- Speed: 2.64 req/s
   +- Delay: 0.50s

2025-04-22 03:16:49,463 - INFO - 
Progress Update:
+- Pages: 4/50 (8.0%)
   +- Depth: 3/3
   +- Domain: github.com
   +- Data: 843702 bytes
   +- Time: 1.2s
   +- Speed: 2.42 req/s
   +- Delay: 0.50s

2025-04-22 03:16:49,963 - INFO - 
Progress Update:
+- Pages: 5/50 (10.0%)
   +- Depth: 3/3
   +- Domain: github.com
   +- Data: 1124936 bytes
   +- Time: 1.7s
   +- Speed: 2.30 req/s
   +- Delay: 0.50s

2025-04-22 03:16:50,224 - INFO - Rotating user agent to: Mozilla/5.0 (Macintosh; Intel Mac OS X 10_15_7) AppleWebKit/605.1.15 (KHTML, like Gecko) Version/14.1.2 Safari/605.1.15
2025-04-22 03:16:50,420 - INFO - 
Progress Update:
+- Pages: 6/50 (12.0%)
   +- Depth: 3/3
   +- Domain: github.com
   +- Data: 1165915 bytes
   +- Time: 2.2s
   +- Speed: 2.27 req/s
   +- Delay: 0.50s

2025-04-22 03:16:51,187 - INFO - 
Progress Update:
+- Pages: 7/50 (14.0%)
   +- Depth: 3/3
   +- Domain: github.com
   +- Data: 1836707 bytes
   +- Time: 3.0s
   +- Speed: 2.02 req/s
   +- Delay: 0.50s

2025-04-22 03:16:51,563 - INFO - 
Progress Update:
+- Pages: 8/50 (16.0%)
   +- Depth: 3/3
   +- Domain: github.com
   +- Data: 2098352 bytes
   +- Time: 3.3s
   +- Speed: 2.09 req/s
   +- Delay: 0.50s

2025-04-22 03:16:52,067 - INFO - 
Progress Update:
+- Pages: 9/50 (18.0%)
   +- Depth: 3/3
   +- Domain: github.com
   +- Data: 2383509 bytes
   +- Time: 3.8s
   +- Speed: 2.08 req/s
   +- Delay: 0.50s

2025-04-22 03:16:52,564 - INFO - 
Progress Update:
+- Pages: 10/50 (20.0%)
   +- Depth: 3/3
   +- Domain: github.com
   +- Data: 2718766 bytes
   +- Time: 4.3s
   +- Speed: 2.07 req/s
   +- Delay: 0.50s

2025-04-22 03:16:52,726 - INFO - Rotating user agent to: Mozilla/5.0 (Windows NT 10.0; Win64; x64) AppleWebKit/537.36 (KHTML, like Gecko) Chrome/92.0.4515.159 Safari/537.36 Edg/92.0.902.84
2025-04-22 03:16:53,106 - INFO - 
Progress Update:
+- Pages: 11/50 (22.0%)
   +- Depth: 3/3
   +- Domain: github.com
   +- Data: 3061274 bytes
   +- Time: 4.9s
   +- Speed: 2.05 req/s
   +- Delay: 0.50s

2025-04-22 03:16:53,626 - INFO - 
Progress Update:
+- Pages: 12/50 (24.0%)
   +- Depth: 3/3
   +- Domain: github.com
   +- Data: 3360294 bytes
   +- Time: 5.4s
   +- Speed: 2.04 req/s
   +- Delay: 0.50s

2025-04-22 03:16:54,096 - INFO - 
Progress Update:
+- Pages: 13/50 (26.0%)
   +- Depth: 3/3
   +- Domain: github.com
   +- Data: 3636765 bytes
   +- Time: 5.9s
   +- Speed: 2.04 req/s
   +- Delay: 0.50s

2025-04-22 03:16:54,583 - INFO - 
Progress Update:
+- Pages: 14/50 (28.0%)
   +- Depth: 3/3
   +- Domain: github.com
   +- Data: 3904180 bytes
   +- Time: 6.4s
   +- Speed: 2.04 req/s
   +- Delay: 0.50s

2025-04-22 03:16:55,276 - INFO - 
Progress Update:
+- Pages: 15/50 (30.0%)
   +- Depth: 3/3
   +- Domain: github.com
   +- Data: 4349179 bytes
   +- Time: 7.1s
   +- Speed: 1.98 req/s
   +- Delay: 0.50s

2025-04-22 03:16:55,276 - INFO - Rotating user agent to: Mozilla/5.0 (Linux; Android 11; SM-G998B) AppleWebKit/537.36 (KHTML, like Gecko) Chrome/92.0.4515.159 Mobile Safari/537.36
2025-04-22 03:16:55,624 - INFO - 
Progress Update:
+- Pages: 16/50 (32.0%)
   +- Depth: 3/3
   +- Domain: github.com
   +- Data: 4740649 bytes
   +- Time: 7.4s
   +- Speed: 2.03 req/s
   +- Delay: 0.50s

2025-04-22 03:16:56,145 - INFO - 
Progress Update:
+- Pages: 17/50 (34.0%)
   +- Depth: 3/3
   +- Domain: github.com
   +- Data: 5199019 bytes
   +- Time: 7.9s
   +- Speed: 2.02 req/s
   +- Delay: 0.50s

2025-04-22 03:16:56,617 - INFO - 
Progress Update:
+- Pages: 18/50 (36.0%)
   +- Depth: 3/3
   +- Domain: github.com
   +- Data: 5480099 bytes
   +- Time: 8.4s
   +- Speed: 2.03 req/s
   +- Delay: 0.50s

2025-04-22 03:16:57,159 - INFO - 
Progress Update:
+- Pages: 19/50 (38.0%)
   +- Depth: 3/3
   +- Domain: github.com
   +- Data: 5772362 bytes
   +- Time: 8.9s
   +- Speed: 2.01 req/s
   +- Delay: 0.50s

2025-04-22 03:16:57,618 - INFO - 
Progress Update:
+- Pages: 20/50 (40.0%)
   +- Depth: 3/3
   +- Domain: github.com
   +- Data: 6002455 bytes
   +- Time: 9.4s
   +- Speed: 2.02 req/s
   +- Delay: 0.50s

2025-04-22 03:16:57,778 - INFO - Rotating user agent to: Mozilla/5.0 (Macintosh; Intel Mac OS X 11.5; rv:91.0) Gecko/20100101 Firefox/91.0
2025-04-22 03:16:58,243 - INFO - 
Progress Update:
+- Pages: 21/50 (42.0%)
   +- Depth: 3/3
   +- Domain: github.com
   +- Data: 6273952 bytes
   +- Time: 10.0s
   +- Speed: 2.00 req/s
   +- Delay: 0.50s

2025-04-22 03:16:58,729 - INFO - 
Progress Update:
+- Pages: 22/50 (44.0%)
   +- Depth: 3/3
   +- Domain: github.com
   +- Data: 6566125 bytes
   +- Time: 10.5s
   +- Speed: 2.00 req/s
   +- Delay: 0.50s

2025-04-22 03:16:59,123 - INFO - 
Progress Update:
+- Pages: 23/50 (46.0%)
   +- Depth: 3/3
   +- Domain: github.com
   +- Data: 6804821 bytes
   +- Time: 10.9s
   +- Speed: 2.02 req/s
   +- Delay: 0.50s

2025-04-22 03:16:59,695 - INFO - 
Progress Update:
+- Pages: 24/50 (48.0%)
   +- Depth: 3/3
   +- Domain: github.com
   +- Data: 7034365 bytes
   +- Time: 11.5s
   +- Speed: 2.00 req/s
   +- Delay: 0.50s

2025-04-22 03:17:00,268 - INFO - 
Progress Update:
+- Pages: 25/50 (50.0%)
   +- Depth: 3/3
   +- Domain: github.com
   +- Data: 7737247 bytes
   +- Time: 12.0s
   +- Speed: 1.99 req/s
   +- Delay: 0.50s

2025-04-22 03:17:00,280 - INFO - Rotating user agent to: Mozilla/5.0 (Macintosh; Intel Mac OS X 11_5_2) AppleWebKit/537.36 (KHTML, like Gecko) Chrome/92.0.4515.159 Safari/537.36
2025-04-22 03:17:00,607 - INFO - 
Progress Update:
+- Pages: 26/50 (52.0%)
   +- Depth: 3/3
   +- Domain: github.com
   +- Data: 7999848 bytes
   +- Time: 12.4s
   +- Speed: 2.02 req/s
   +- Delay: 0.50s

2025-04-22 03:17:01,303 - INFO - 
Progress Update:
+- Pages: 27/50 (54.0%)
   +- Depth: 3/3
   +- Domain: github.com
   +- Data: 8659368 bytes
   +- Time: 13.1s
   +- Speed: 1.99 req/s
   +- Delay: 0.50s

2025-04-22 03:17:01,646 - INFO - 
Progress Update:
+- Pages: 28/50 (56.0%)
   +- Depth: 3/3
   +- Domain: github.com
   +- Data: 8904442 bytes
   +- Time: 13.4s
   +- Speed: 2.01 req/s
   +- Delay: 0.50s

2025-04-22 03:17:02,215 - INFO - 
Progress Update:
+- Pages: 29/50 (58.0%)
   +- Depth: 3/3
   +- Domain: github.com
   +- Data: 9155703 bytes
   +- Time: 14.0s
   +- Speed: 2.00 req/s
   +- Delay: 0.50s

2025-04-22 03:17:02,704 - INFO - 
Progress Update:
+- Pages: 30/50 (60.0%)
   +- Depth: 3/3
   +- Domain: github.com
   +- Data: 9431069 bytes
   +- Time: 14.5s
   +- Speed: 2.00 req/s
   +- Delay: 0.50s

2025-04-22 03:17:02,805 - INFO - Rotating user agent to: Mozilla/5.0 (X11; Ubuntu; Linux x86_64; rv:91.0) Gecko/20100101 Firefox/91.0
2025-04-22 03:17:03,140 - INFO - 
Progress Update:
+- Pages: 31/50 (62.0%)
   +- Depth: 3/3
   +- Domain: github.com
   +- Data: 9649024 bytes
   +- Time: 14.9s
   +- Speed: 2.01 req/s
   +- Delay: 0.50s

2025-04-22 03:17:03,625 - INFO - 
Progress Update:
+- Pages: 32/50 (64.0%)
   +- Depth: 3/3
   +- Domain: github.com
   +- Data: 9913418 bytes
   +- Time: 15.4s
   +- Speed: 2.01 req/s
   +- Delay: 0.50s

2025-04-22 03:17:04,141 - INFO - 
Progress Update:
+- Pages: 33/50 (66.0%)
   +- Depth: 3/3
   +- Domain: github.com
   +- Data: 10182379 bytes
   +- Time: 15.9s
   +- Speed: 2.01 req/s
   +- Delay: 0.50s

2025-04-22 03:17:04,790 - INFO - 
Progress Update:
+- Pages: 34/50 (68.0%)
   +- Depth: 3/3
   +- Domain: github.com
   +- Data: 10449018 bytes
   +- Time: 16.6s
   +- Speed: 1.99 req/s
   +- Delay: 0.50s

2025-04-22 03:17:05,167 - INFO - 
Progress Update:
+- Pages: 35/50 (70.0%)
   +- Depth: 3/3
   +- Domain: github.com
   +- Data: 10827407 bytes
   +- Time: 16.9s
   +- Speed: 2.01 req/s
   +- Delay: 0.50s

2025-04-22 03:17:05,307 - INFO - Rotating user agent to: Mozilla/5.0 (Windows NT 10.0; Win64; x64) AppleWebKit/537.36 (KHTML, like Gecko) Chrome/91.0.4472.124 Safari/537.36 Edg/91.0.864.59
2025-04-22 03:17:05,746 - INFO - 
Progress Update:
+- Pages: 36/50 (72.0%)
   +- Depth: 3/3
   +- Domain: github.com
   +- Data: 11221784 bytes
   +- Time: 17.5s
   +- Speed: 2.00 req/s
   +- Delay: 0.50s

2025-04-22 03:17:06,130 - INFO - 
Progress Update:
+- Pages: 37/50 (74.0%)
   +- Depth: 3/3
   +- Domain: github.com
   +- Data: 11553149 bytes
   +- Time: 17.9s
   +- Speed: 2.01 req/s
   +- Delay: 0.50s

2025-04-22 03:17:06,638 - INFO - 
Progress Update:
+- Pages: 38/50 (76.0%)
   +- Depth: 3/3
   +- Domain: github.com
   +- Data: 11814851 bytes
   +- Time: 18.4s
   +- Speed: 2.01 req/s
   +- Delay: 0.50s

2025-04-22 03:17:07,155 - INFO - 
Progress Update:
+- Pages: 39/50 (78.0%)
   +- Depth: 3/3
   +- Domain: github.com
   +- Data: 12088295 bytes
   +- Time: 18.9s
   +- Speed: 2.01 req/s
   +- Delay: 0.50s

2025-04-22 03:17:07,793 - INFO - 
Progress Update:
+- Pages: 40/50 (80.0%)
   +- Depth: 3/3
   +- Domain: github.com
   +- Data: 12381137 bytes
   +- Time: 19.6s
   +- Speed: 1.99 req/s
   +- Delay: 0.50s

2025-04-22 03:17:07,810 - INFO - Rotating user agent to: Mozilla/5.0 (iPhone; CPU iPhone OS 14_7_1 like Mac OS X) AppleWebKit/605.1.15 (KHTML, like Gecko) Version/14.1.2 Mobile/15E148 Safari/604.1
2025-04-22 03:17:08,141 - INFO - 
Progress Update:
+- Pages: 41/50 (82.0%)
   +- Depth: 3/3
   +- Domain: github.com
   +- Data: 12590058 bytes
   +- Time: 19.9s
   +- Speed: 2.01 req/s
   +- Delay: 0.50s

2025-04-22 03:17:09,655 - INFO - 
Progress Update:
+- Pages: 42/50 (84.0%)
   +- Depth: 3/3
   +- Domain: github.com
   +- Data: 13149594 bytes
   +- Time: 21.4s
   +- Speed: 1.91 req/s
   +- Delay: 0.50s

2025-04-22 03:17:09,924 - INFO - 
Progress Update:
+- Pages: 43/50 (86.0%)
   +- Depth: 3/3
   +- Domain: github.com
   +- Data: 13301747 bytes
   +- Time: 21.7s
   +- Speed: 1.94 req/s
   +- Delay: 0.50s

2025-04-22 03:17:10,543 - INFO - 
Progress Update:
+- Pages: 44/50 (88.0%)
   +- Depth: 3/3
   +- Domain: github.com
   +- Data: 13728190 bytes
   +- Time: 22.3s
   +- Speed: 1.93 req/s
   +- Delay: 0.50s

2025-04-22 03:17:11,149 - INFO - 
Progress Update:
+- Pages: 45/50 (90.0%)
   +- Depth: 3/3
   +- Domain: github.com
   +- Data: 14002404 bytes
   +- Time: 22.9s
   +- Speed: 1.92 req/s
   +- Delay: 0.50s

2025-04-22 03:17:11,156 - INFO - Rotating user agent to: Mozilla/5.0 (Windows NT 10.0; Win64; x64) AppleWebKit/537.36 (KHTML, like Gecko) Chrome/93.0.4577.82 Safari/537.36
2025-04-22 03:17:11,641 - INFO - 
Progress Update:
+- Pages: 46/50 (92.0%)
   +- Depth: 3/3
   +- Domain: github.com
   +- Data: 14585768 bytes
   +- Time: 23.4s
   +- Speed: 1.92 req/s
   +- Delay: 0.50s

2025-04-22 03:17:11,990 - INFO - 
Progress Update:
+- Pages: 47/50 (94.0%)
   +- Depth: 3/3
   +- Domain: github.com
   +- Data: 14867065 bytes
   +- Time: 23.8s
   +- Speed: 1.94 req/s
   +- Delay: 0.50s

2025-04-22 03:17:12,386 - INFO - 
Progress Update:
+- Pages: 48/50 (96.0%)
   +- Depth: 3/3
   +- Domain: github.com
   +- Data: 15148297 bytes
   +- Time: 24.2s
   +- Speed: 1.94 req/s
   +- Delay: 0.50s

2025-04-22 03:17:13,109 - INFO - 
Progress Update:
+- Pages: 49/50 (98.0%)
   +- Depth: 3/3
   +- Domain: github.com
   +- Data: 15349039 bytes
   +- Time: 24.9s
   +- Speed: 1.93 req/s
   +- Delay: 0.50s

2025-04-22 03:17:13,494 - INFO - 
Progress Update:
+- Pages: 50/50 (100.0%)
   +- Depth: 3/3
   +- Domain: github.com
   +- Data: 15634643 bytes
   +- Time: 25.3s
   +- Speed: 1.94 req/s
   +- Delay: 0.50s

2025-04-22 03:17:13,658 - INFO - Rotating user agent to: Mozilla/5.0 (Windows NT 10.0; Win64; x64) AppleWebKit/537.36 (KHTML, like Gecko) Chrome/92.0.4515.159 Safari/537.36
2025-04-22 03:17:14,522 - ERROR - Request failed for https://github.com/marketplace: 400 Client Error: Bad Request for url: https://github.com/marketplace
2025-04-22 04:12:46,859 - INFO - 
Starting crawl with:
- URL: https://example.com
- Depth: 2
- Max Pages: 20
- Timeout: 10s
- Rate Limit: 2 req/s
- Agent Rotation: every 5 requests

2025-04-22 04:12:46,859 - INFO - 
Progress Update:
+- Pages: 1/20 (5.0%)
   +- Depth: 0/2
   +- Domain: example.com
   +- Data: 0.00 B
   +- Time: 0.0s
   +- Speed: 0.00 req/s
   +- Delay: 0.50s

2025-04-22 04:12:47,219 - INFO - 
Crawl Completed:
+- Pages: 1
   +- Data: 1.23 KB
   +- Time: 0.4s
   +- Speed: 2.78 req/s

2025-04-22 04:12:47,220 - INFO - Results saved successfully
2026-02-02 02:36:53,444 - INFO - 
Starting crawl with:
- URL: https://example.com
- Depth: 1
- Max Pages: 100
- Timeout: 10s
- Rate Limit: 2 req/s
- Agent Rotation: every 10 requests

2026-02-02 02:36:53,445 - INFO - 
Progress Update:
+- Pages: 1/100 (1.0%)
   +- Depth: 0/1
   +- Domain: example.com
   +- Resources:
      +- Images: 0
      +- JS Files: 0
      +- CSS Files: 0
   +- Links:
      +- Internal: 0
      +- External: 0
   +- Data: 0 B
   +- Time: 0.0s
   +- Speed: 0.00 req/s
   +- Delay: 0.50s

2026-02-02 02:36:54,555 - INFO - 
Crawl Completed:
+- Pages: 1
   +- Resources:
      +- Images: 0
      +- JS Files: 0
      +- CSS Files: 0
      +- Fonts: 0
      +- Videos: 0
      +- Audios: 0
   +- Links:
      +- Internal: 0
      +- External: 1
      +- Nofollow: 0
   +- Data: 513 B
   +- Time: 1.1s
   +- Speed: 0.90 req/s

2026-02-02 02:36:54,556 - INFO - Results saved successfully
2026-02-02 02:38:41,794 - INFO - 
Starting crawl with:
- URL: https://ddosecrets.com
- Depth: 3
- Max Pages: 50
- Timeout: 15s
- Rate Limit: 2 req/s
- Agent Rotation: every 5 requests

2026-02-02 02:38:41,794 - INFO - 
Progress Update:
+- Pages: 1/50 (2.0%)
   +- Depth: 0/3
   +- Domain: ddosecrets.com
   +- Resources:
      +- Images: 0
      +- JS Files: 0
      +- CSS Files: 0
   +- Links:
      +- Internal: 0
      +- External: 0
   +- Data: 0 B
   +- Time: 0.0s
   +- Speed: 0.00 req/s
   +- Delay: 0.50s

2026-02-02 02:38:57,305 - ERROR - Timeout error for https://ddosecrets.com
2026-02-02 02:38:57,305 - INFO - 
Crawl Completed:
+- Pages: 1
   +- Resources:
      +- Images: 0
      +- JS Files: 0
      +- CSS Files: 0
      +- Fonts: 0
      +- Videos: 0
      +- Audios: 0
   +- Links:
      +- Internal: 0
      +- External: 0
      +- Nofollow: 0
   +- Data: 0 B
   +- Time: 15.5s
   +- Speed: 0.06 req/s

2026-02-02 02:38:57,306 - INFO - Results saved successfully
2026-02-02 02:51:12,345 - INFO - 
Starting crawl with:
- URL: https://quotes.toscrape.com
- Depth: 2
- Max Pages: 100
- Timeout: 10s
- Rate Limit: 2 req/s
- Agent Rotation: every 10 requests

2026-02-02 02:51:12,345 - INFO - 
Progress Update:
+- Pages: 1/100 (1.0%)
   +- Depth: 0/2
   +- Domain: quotes.toscrape.com
   +- Resources:
      +- Images: 0
      +- JS Files: 0
      +- CSS Files: 0
   +- Links:
      +- Internal: 0
      +- External: 0
   +- Data: 0 B
   +- Time: 0.0s
   +- Speed: 0.00 req/s
   +- Delay: 0.50s

2026-02-02 02:51:13,607 - INFO - 
Progress Update:
+- Pages: 2/100 (2.0%)
   +- Depth: 1/2
   +- Domain: quotes.toscrape.com
   +- Resources:
      +- Images: 0
      +- JS Files: 0
      +- CSS Files: 2
   +- Links:
      +- Internal: 53
      +- External: 2
   +- Data: 10.80 KB
   +- Time: 1.3s
   +- Speed: 0.79 req/s
   +- Delay: 0.50s

2026-02-02 02:51:14,703 - INFO - 
Progress Update:
+- Pages: 3/100 (3.0%)
   +- Depth: 2/2
   +- Domain: quotes.toscrape.com
   +- Resources:
      +- Images: 0
      +- JS Files: 0
      +- CSS Files: 4
   +- Links:
      +- Internal: 106
      +- External: 4
   +- Data: 21.61 KB
   +- Time: 2.4s
   +- Speed: 0.85 req/s
   +- Delay: 0.50s

2026-02-02 02:51:15,766 - INFO - 
Progress Update:
+- Pages: 4/100 (4.0%)
   +- Depth: 2/2
   +- Domain: quotes.toscrape.com
   +- Resources:
      +- Images: 0
      +- JS Files: 0
      +- CSS Files: 6
   +- Links:
      +- Internal: 108
      +- External: 6
   +- Data: 23.45 KB
   +- Time: 3.4s
   +- Speed: 0.88 req/s
   +- Delay: 0.50s

2026-02-02 02:51:17,404 - INFO - 
Progress Update:
+- Pages: 5/100 (5.0%)
   +- Depth: 2/2
   +- Domain: quotes.toscrape.com
   +- Resources:
      +- Images: 0
      +- JS Files: 0
      +- CSS Files: 8
   +- Links:
      +- Internal: 110
      +- External: 8
   +- Data: 28.66 KB
   +- Time: 5.1s
   +- Speed: 0.79 req/s
   +- Delay: 0.50s

2026-02-02 02:51:18,372 - INFO - 
Progress Update:
+- Pages: 6/100 (6.0%)
   +- Depth: 2/2
   +- Domain: quotes.toscrape.com
   +- Resources:
      +- Images: 0
      +- JS Files: 0
      +- CSS Files: 10
   +- Links:
      +- Internal: 128
      +- External: 10
   +- Data: 32.43 KB
   +- Time: 6.0s
   +- Speed: 0.83 req/s
   +- Delay: 0.50s

2026-02-02 02:51:19,439 - INFO - 
Progress Update:
+- Pages: 7/100 (7.0%)
   +- Depth: 2/2
   +- Domain: quotes.toscrape.com
   +- Resources:
      +- Images: 0
      +- JS Files: 0
      +- CSS Files: 12
   +- Links:
      +- Internal: 146
      +- External: 12
   +- Data: 36.21 KB
   +- Time: 7.1s
   +- Speed: 0.85 req/s
   +- Delay: 0.50s

2026-02-02 02:51:20,403 - INFO - 
Progress Update:
+- Pages: 8/100 (8.0%)
   +- Depth: 2/2
   +- Domain: quotes.toscrape.com
   +- Resources:
      +- Images: 0
      +- JS Files: 0
      +- CSS Files: 14
   +- Links:
      +- Internal: 168
      +- External: 14
   +- Data: 40.80 KB
   +- Time: 8.1s
   +- Speed: 0.87 req/s
   +- Delay: 0.50s

2026-02-02 02:51:21,451 - INFO - 
Progress Update:
+- Pages: 9/100 (9.0%)
   +- Depth: 2/2
   +- Domain: quotes.toscrape.com
   +- Resources:
      +- Images: 0
      +- JS Files: 0
      +- CSS Files: 16
   +- Links:
      +- Internal: 186
      +- External: 16
   +- Data: 44.57 KB
   +- Time: 9.1s
   +- Speed: 0.88 req/s
   +- Delay: 0.50s

2026-02-02 02:51:23,067 - INFO - 
Progress Update:
+- Pages: 10/100 (10.0%)
   +- Depth: 2/2
   +- Domain: quotes.toscrape.com
   +- Resources:
      +- Images: 0
      +- JS Files: 0
      +- CSS Files: 18
   +- Links:
      +- Internal: 188
      +- External: 18
   +- Data: 49.80 KB
   +- Time: 10.7s
   +- Speed: 0.84 req/s
   +- Delay: 0.50s

2026-02-02 02:51:23,067 - INFO - Rotating user agent to: Mozilla/5.0 (Windows NT 10.0; Win64; x64) AppleWebKit/537.36 (KHTML, like Gecko) Chrome/91.0.4472.124 Safari/537.36 Edg/91.0.864.59
2026-02-02 02:51:24,142 - INFO - 
Progress Update:
+- Pages: 11/100 (11.0%)
   +- Depth: 2/2
   +- Domain: quotes.toscrape.com
   +- Resources:
      +- Images: 0
      +- JS Files: 0
      +- CSS Files: 20
   +- Links:
      +- Internal: 204
      +- External: 20
   +- Data: 53.36 KB
   +- Time: 11.8s
   +- Speed: 0.85 req/s
   +- Delay: 0.50s

2026-02-02 02:51:25,216 - INFO - 
Progress Update:
+- Pages: 12/100 (12.0%)
   +- Depth: 2/2
   +- Domain: quotes.toscrape.com
   +- Resources:
      +- Images: 0
      +- JS Files: 0
      +- CSS Files: 22
   +- Links:
      +- Internal: 220
      +- External: 22
   +- Data: 56.92 KB
   +- Time: 12.9s
   +- Speed: 0.85 req/s
   +- Delay: 0.50s

2026-02-02 02:51:26,302 - INFO - 
Progress Update:
+- Pages: 13/100 (13.0%)
   +- Depth: 2/2
   +- Domain: quotes.toscrape.com
   +- Resources:
      +- Images: 0
      +- JS Files: 0
      +- CSS Files: 24
   +- Links:
      +- Internal: 279
      +- External: 24
   +- Data: 69.45 KB
   +- Time: 14.0s
   +- Speed: 0.86 req/s
   +- Delay: 0.50s

2026-02-02 02:51:27,418 - INFO - 
Progress Update:
+- Pages: 14/100 (14.0%)
   +- Depth: 2/2
   +- Domain: quotes.toscrape.com
   +- Resources:
      +- Images: 0
      +- JS Files: 0
      +- CSS Files: 26
   +- Links:
      +- Internal: 338
      +- External: 26
   +- Data: 81.81 KB
   +- Time: 15.1s
   +- Speed: 0.86 req/s
   +- Delay: 0.50s

2026-02-02 02:51:28,495 - INFO - 
Progress Update:
+- Pages: 15/100 (15.0%)
   +- Depth: 2/2
   +- Domain: quotes.toscrape.com
   +- Resources:
      +- Images: 0
      +- JS Files: 0
      +- CSS Files: 28
   +- Links:
      +- Internal: 357
      +- External: 28
   +- Data: 85.67 KB
   +- Time: 16.2s
   +- Speed: 0.87 req/s
   +- Delay: 0.50s

2026-02-02 02:51:29,559 - INFO - 
Progress Update:
+- Pages: 16/100 (16.0%)
   +- Depth: 2/2
   +- Domain: quotes.toscrape.com
   +- Resources:
      +- Images: 0
      +- JS Files: 0
      +- CSS Files: 30
   +- Links:
      +- Internal: 376
      +- External: 30
   +- Data: 89.54 KB
   +- Time: 17.2s
   +- Speed: 0.87 req/s
   +- Delay: 0.50s

2026-02-02 02:51:30,629 - INFO - 
Progress Update:
+- Pages: 17/100 (17.0%)
   +- Depth: 2/2
   +- Domain: quotes.toscrape.com
   +- Resources:
      +- Images: 0
      +- JS Files: 0
      +- CSS Files: 32
   +- Links:
      +- Internal: 395
      +- External: 32
   +- Data: 93.40 KB
   +- Time: 18.3s
   +- Speed: 0.88 req/s
   +- Delay: 0.50s

2026-02-02 02:51:32,264 - INFO - 
Progress Update:
+- Pages: 18/100 (18.0%)
   +- Depth: 2/2
   +- Domain: quotes.toscrape.com
   +- Resources:
      +- Images: 0
      +- JS Files: 0
      +- CSS Files: 34
   +- Links:
      +- Internal: 397
      +- External: 34
   +- Data: 96.74 KB
   +- Time: 19.9s
   +- Speed: 0.85 req/s
   +- Delay: 0.50s

2026-02-02 02:51:33,322 - INFO - 
Progress Update:
+- Pages: 19/100 (19.0%)
   +- Depth: 2/2
   +- Domain: quotes.toscrape.com
   +- Resources:
      +- Images: 0
      +- JS Files: 0
      +- CSS Files: 36
   +- Links:
      +- Internal: 415
      +- External: 36
   +- Data: 100.48 KB
   +- Time: 21.0s
   +- Speed: 0.86 req/s
   +- Delay: 0.50s

2026-02-02 02:51:34,381 - INFO - 
Progress Update:
+- Pages: 20/100 (20.0%)
   +- Depth: 2/2
   +- Domain: quotes.toscrape.com
   +- Resources:
      +- Images: 0
      +- JS Files: 0
      +- CSS Files: 38
   +- Links:
      +- Internal: 477
      +- External: 38
   +- Data: 112.13 KB
   +- Time: 22.0s
   +- Speed: 0.86 req/s
   +- Delay: 0.50s

2026-02-02 02:51:34,381 - INFO - Rotating user agent to: Mozilla/5.0 (iPhone; CPU iPhone OS 14_7_1 like Mac OS X) AppleWebKit/605.1.15 (KHTML, like Gecko) Version/14.1.2 Mobile/15E148 Safari/604.1
2026-02-02 02:51:35,437 - INFO - 
Progress Update:
+- Pages: 21/100 (21.0%)
   +- Depth: 2/2
   +- Domain: quotes.toscrape.com
   +- Resources:
      +- Images: 0
      +- JS Files: 0
      +- CSS Files: 40
   +- Links:
      +- Internal: 499
      +- External: 40
   +- Data: 116.60 KB
   +- Time: 23.1s
   +- Speed: 0.87 req/s
   +- Delay: 0.50s

2026-02-02 02:51:36,508 - INFO - 
Progress Update:
+- Pages: 22/100 (22.0%)
   +- Depth: 2/2
   +- Domain: quotes.toscrape.com
   +- Resources:
      +- Images: 0
      +- JS Files: 0
      +- CSS Files: 42
   +- Links:
      +- Internal: 549
      +- External: 42
   +- Data: 127.03 KB
   +- Time: 24.2s
   +- Speed: 0.87 req/s
   +- Delay: 0.50s

2026-02-02 02:51:38,135 - INFO - 
Progress Update:
+- Pages: 23/100 (23.0%)
   +- Depth: 2/2
   +- Domain: quotes.toscrape.com
   +- Resources:
      +- Images: 0
      +- JS Files: 0
      +- CSS Files: 44
   +- Links:
      +- Internal: 551
      +- External: 44
   +- Data: 130.61 KB
   +- Time: 25.8s
   +- Speed: 0.85 req/s
   +- Delay: 0.50s

2026-02-02 02:51:39,228 - INFO - 
Progress Update:
+- Pages: 24/100 (24.0%)
   +- Depth: 2/2
   +- Domain: quotes.toscrape.com
   +- Resources:
      +- Images: 0
      +- JS Files: 0
      +- CSS Files: 46
   +- Links:
      +- Internal: 567
      +- External: 46
   +- Data: 134.24 KB
   +- Time: 26.9s
   +- Speed: 0.86 req/s
   +- Delay: 0.50s

2026-02-02 02:51:40,295 - INFO - 
Progress Update:
+- Pages: 25/100 (25.0%)
   +- Depth: 2/2
   +- Domain: quotes.toscrape.com
   +- Resources:
      +- Images: 0
      +- JS Files: 0
      +- CSS Files: 48
   +- Links:
      +- Internal: 584
      +- External: 48
   +- Data: 137.87 KB
   +- Time: 28.0s
   +- Speed: 0.86 req/s
   +- Delay: 0.50s

2026-02-02 02:51:41,251 - INFO - 
Progress Update:
+- Pages: 26/100 (26.0%)
   +- Depth: 2/2
   +- Domain: quotes.toscrape.com
   +- Resources:
      +- Images: 0
      +- JS Files: 0
      +- CSS Files: 50
   +- Links:
      +- Internal: 601
      +- External: 50
   +- Data: 141.50 KB
   +- Time: 28.9s
   +- Speed: 0.86 req/s
   +- Delay: 0.50s

2026-02-02 02:51:42,388 - INFO - 
Progress Update:
+- Pages: 27/100 (27.0%)
   +- Depth: 2/2
   +- Domain: quotes.toscrape.com
   +- Resources:
      +- Images: 0
      +- JS Files: 0
      +- CSS Files: 52
   +- Links:
      +- Internal: 618
      +- External: 52
   +- Data: 145.12 KB
   +- Time: 30.0s
   +- Speed: 0.87 req/s
   +- Delay: 0.50s

2026-02-02 02:51:44,039 - INFO - 
Progress Update:
+- Pages: 28/100 (28.0%)
   +- Depth: 2/2
   +- Domain: quotes.toscrape.com
   +- Resources:
      +- Images: 0
      +- JS Files: 0
      +- CSS Files: 54
   +- Links:
      +- Internal: 620
      +- External: 54
   +- Data: 147.49 KB
   +- Time: 31.7s
   +- Speed: 0.85 req/s
   +- Delay: 0.50s

2026-02-02 02:51:45,097 - INFO - 
Progress Update:
+- Pages: 29/100 (29.0%)
   +- Depth: 2/2
   +- Domain: quotes.toscrape.com
   +- Resources:
      +- Images: 0
      +- JS Files: 0
      +- CSS Files: 56
   +- Links:
      +- Internal: 675
      +- External: 56
   +- Data: 160.43 KB
   +- Time: 32.8s
   +- Speed: 0.85 req/s
   +- Delay: 0.50s

2026-02-02 02:51:46,763 - INFO - 
Progress Update:
+- Pages: 30/100 (30.0%)
   +- Depth: 2/2
   +- Domain: quotes.toscrape.com
   +- Resources:
      +- Images: 0
      +- JS Files: 0
      +- CSS Files: 58
   +- Links:
      +- Internal: 677
      +- External: 58
   +- Data: 163.02 KB
   +- Time: 34.4s
   +- Speed: 0.84 req/s
   +- Delay: 0.50s

2026-02-02 02:51:46,763 - INFO - Rotating user agent to: Mozilla/5.0 (Windows NT 10.0; Win64; x64) AppleWebKit/537.36 (KHTML, like Gecko) Chrome/92.0.4515.107 Safari/537.36
2026-02-02 02:51:47,860 - INFO - 
Progress Update:
+- Pages: 31/100 (31.0%)
   +- Depth: 2/2
   +- Domain: quotes.toscrape.com
   +- Resources:
      +- Images: 0
      +- JS Files: 0
      +- CSS Files: 60
   +- Links:
      +- Internal: 695
      +- External: 60
   +- Data: 166.77 KB
   +- Time: 35.5s
   +- Speed: 0.84 req/s
   +- Delay: 0.50s

2026-02-02 02:51:48,915 - INFO - 
Progress Update:
+- Pages: 32/100 (32.0%)
   +- Depth: 2/2
   +- Domain: quotes.toscrape.com
   +- Resources:
      +- Images: 0
      +- JS Files: 0
      +- CSS Files: 62
   +- Links:
      +- Internal: 713
      +- External: 62
   +- Data: 170.52 KB
   +- Time: 36.6s
   +- Speed: 0.85 req/s
   +- Delay: 0.50s

2026-02-02 02:51:49,960 - INFO - 
Progress Update:
+- Pages: 33/100 (33.0%)
   +- Depth: 2/2
   +- Domain: quotes.toscrape.com
   +- Resources:
      +- Images: 0
      +- JS Files: 0
      +- CSS Files: 64
   +- Links:
      +- Internal: 734
      +- External: 64
   +- Data: 175.03 KB
   +- Time: 37.6s
   +- Speed: 0.85 req/s
   +- Delay: 0.50s

2026-02-02 02:51:51,613 - INFO - 
Progress Update:
+- Pages: 34/100 (34.0%)
   +- Depth: 2/2
   +- Domain: quotes.toscrape.com
   +- Resources:
      +- Images: 0
      +- JS Files: 0
      +- CSS Files: 66
   +- Links:
      +- Internal: 736
      +- External: 66
   +- Data: 177.74 KB
   +- Time: 39.3s
   +- Speed: 0.84 req/s
   +- Delay: 0.50s

2026-02-02 02:51:52,713 - INFO - 
Progress Update:
+- Pages: 35/100 (35.0%)
   +- Depth: 2/2
   +- Domain: quotes.toscrape.com
   +- Resources:
      +- Images: 0
      +- JS Files: 0
      +- CSS Files: 68
   +- Links:
      +- Internal: 751
      +- External: 68
   +- Data: 181.34 KB
   +- Time: 40.4s
   +- Speed: 0.84 req/s
   +- Delay: 0.50s

2026-02-02 02:51:54,386 - INFO - 
Progress Update:
+- Pages: 36/100 (36.0%)
   +- Depth: 2/2
   +- Domain: quotes.toscrape.com
   +- Resources:
      +- Images: 0
      +- JS Files: 0
      +- CSS Files: 70
   +- Links:
      +- Internal: 753
      +- External: 70
   +- Data: 183.51 KB
   +- Time: 42.0s
   +- Speed: 0.83 req/s
   +- Delay: 0.50s

2026-02-02 02:51:55,456 - INFO - 
Progress Update:
+- Pages: 37/100 (37.0%)
   +- Depth: 2/2
   +- Domain: quotes.toscrape.com
   +- Resources:
      +- Images: 0
      +- JS Files: 0
      +- CSS Files: 72
   +- Links:
      +- Internal: 770
      +- External: 72
   +- Data: 187.11 KB
   +- Time: 43.1s
   +- Speed: 0.84 req/s
   +- Delay: 0.50s

2026-02-02 02:51:56,483 - INFO - 
Progress Update:
+- Pages: 38/100 (38.0%)
   +- Depth: 2/2
   +- Domain: quotes.toscrape.com
   +- Resources:
      +- Images: 0
      +- JS Files: 0
      +- CSS Files: 74
   +- Links:
      +- Internal: 794
      +- External: 74
   +- Data: 192.08 KB
   +- Time: 44.1s
   +- Speed: 0.84 req/s
   +- Delay: 0.50s

2026-02-02 02:51:57,553 - INFO - 
Progress Update:
+- Pages: 39/100 (39.0%)
   +- Depth: 2/2
   +- Domain: quotes.toscrape.com
   +- Resources:
      +- Images: 0
      +- JS Files: 0
      +- CSS Files: 76
   +- Links:
      +- Internal: 856
      +- External: 76
   +- Data: 205.50 KB
   +- Time: 45.2s
   +- Speed: 0.84 req/s
   +- Delay: 0.50s

2026-02-02 02:51:58,575 - INFO - 
Progress Update:
+- Pages: 40/100 (40.0%)
   +- Depth: 2/2
   +- Domain: quotes.toscrape.com
   +- Resources:
      +- Images: 0
      +- JS Files: 0
      +- CSS Files: 78
   +- Links:
      +- Internal: 911
      +- External: 78
   +- Data: 218.45 KB
   +- Time: 46.2s
   +- Speed: 0.84 req/s
   +- Delay: 0.50s

2026-02-02 02:51:58,575 - INFO - Rotating user agent to: Mozilla/5.0 (X11; Linux x86_64) AppleWebKit/537.36 (KHTML, like Gecko) Chrome/92.0.4515.107 Safari/537.36
2026-02-02 02:51:59,548 - INFO - 
Progress Update:
+- Pages: 41/100 (41.0%)
   +- Depth: 2/2
   +- Domain: quotes.toscrape.com
   +- Resources:
      +- Images: 0
      +- JS Files: 0
      +- CSS Files: 80
   +- Links:
      +- Internal: 970
      +- External: 80
   +- Data: 230.97 KB
   +- Time: 47.2s
   +- Speed: 0.85 req/s
   +- Delay: 0.50s

2026-02-02 02:52:00,583 - INFO - 
Progress Update:
+- Pages: 42/100 (42.0%)
   +- Depth: 2/2
   +- Domain: quotes.toscrape.com
   +- Resources:
      +- Images: 0
      +- JS Files: 0
      +- CSS Files: 82
   +- Links:
      +- Internal: 1029
      +- External: 82
   +- Data: 243.34 KB
   +- Time: 48.2s
   +- Speed: 0.85 req/s
   +- Delay: 0.50s

2026-02-02 02:52:01,698 - INFO - 
Progress Update:
+- Pages: 43/100 (43.0%)
   +- Depth: 2/2
   +- Domain: quotes.toscrape.com
   +- Resources:
      +- Images: 0
      +- JS Files: 0
      +- CSS Files: 84
   +- Links:
      +- Internal: 1079
      +- External: 84
   +- Data: 253.77 KB
   +- Time: 49.4s
   +- Speed: 0.85 req/s
   +- Delay: 0.50s

2026-02-02 02:52:02,760 - INFO - 
Progress Update:
+- Pages: 44/100 (44.0%)
   +- Depth: 2/2
   +- Domain: quotes.toscrape.com
   +- Resources:
      +- Images: 0
      +- JS Files: 0
      +- CSS Files: 86
   +- Links:
      +- Internal: 1141
      +- External: 86
   +- Data: 265.42 KB
   +- Time: 50.4s
   +- Speed: 0.85 req/s
   +- Delay: 0.50s

2026-02-02 02:52:03,728 - INFO - 
Progress Update:
+- Pages: 45/100 (45.0%)
   +- Depth: 2/2
   +- Domain: quotes.toscrape.com
   +- Resources:
      +- Images: 0
      +- JS Files: 0
      +- CSS Files: 88
   +- Links:
      +- Internal: 1185
      +- External: 88
   +- Data: 274.20 KB
   +- Time: 51.4s
   +- Speed: 0.86 req/s
   +- Delay: 0.50s

2026-02-02 02:52:04,641 - INFO - 
Progress Update:
+- Pages: 46/100 (46.0%)
   +- Depth: 2/2
   +- Domain: quotes.toscrape.com
   +- Resources:
      +- Images: 0
      +- JS Files: 0
      +- CSS Files: 90
   +- Links:
      +- Internal: 1219
      +- External: 90
   +- Data: 281.15 KB
   +- Time: 52.3s
   +- Speed: 0.86 req/s
   +- Delay: 0.50s

2026-02-02 02:52:05,715 - INFO - 
Progress Update:
+- Pages: 47/100 (47.0%)
   +- Depth: 2/2
   +- Domain: quotes.toscrape.com
   +- Resources:
      +- Images: 0
      +- JS Files: 0
      +- CSS Files: 92
   +- Links:
      +- Internal: 1252
      +- External: 92
   +- Data: 288.47 KB
   +- Time: 53.4s
   +- Speed: 0.86 req/s
   +- Delay: 0.50s

2026-02-02 02:52:06,752 - INFO - 
Progress Update:
+- Pages: 48/100 (48.0%)
   +- Depth: 2/2
   +- Domain: quotes.toscrape.com
   +- Resources:
      +- Images: 0
      +- JS Files: 0
      +- CSS Files: 94
   +- Links:
      +- Internal: 1279
      +- External: 94
   +- Data: 294.27 KB
   +- Time: 54.4s
   +- Speed: 0.86 req/s
   +- Delay: 0.50s

2026-02-02 02:52:07,813 - INFO - 
Crawl Completed:
+- Pages: 48
   +- Resources:
      +- Images: 0
      +- JS Files: 0
      +- CSS Files: 96
      +- Fonts: 0
      +- Videos: 0
      +- Audios: 0
   +- Links:
      +- Internal: 1303
      +- External: 96
      +- Nofollow: 0
   +- Data: 299.25 KB
   +- Time: 55.5s
   +- Speed: 0.87 req/s

2026-02-02 02:52:07,818 - INFO - Results saved successfully
